3848685
10070424
8130477
155133
1293116
7833459
9629094
4063704
3444180
3250748
5946808
1594246
8729532
4852432
3404330
2089999
1983082
6682210
950511
1481092
5666949
2330506
234571
610969
1344811
5129979
2275907
1343116
1519799
2521528
1701821
1345567
6209743
1416489
10035705
6197440
6067653
1746437
9197289
2610687
2119541
3262039
7489473
1601232
1517409
2847909
734017
5359056
1228329
1859980
6793534
1518417
4760800
4720002
3422850
393478
3316256
6021165
4002343
12907622
6842938
2641261
9402628
719014
8927671
9130129
3296814
5642849
1070653
9822467
4284891
7816176
6444095
2998398
3204789
1547671
1777837
4836862
7877915
4286863
4077732
4529593
6410368
578367
4389599
1925409
763141
8560490
6988849
13218801
937836
849323
7704931
751291
6563978
6166564
9400979
642555
5461735
1649335
2726777
4370985
5328912
6516294
5906010
5455804
1742416
2429773
3017191
10684080
1378173
176313
4931457
1964482
9607620
1814346
8561024
7646456
10295223
1526062
1199276
166325
6006095
1316678
11459334
3555519
2936040
3729095
262559
2114518
1274605
7930562
2256850
2275150
1412735
9368768
4478167
7652712
16349164
6473367
6350943
1814074
7593871
11013953
4876311
1347633
1196285
3136088
15472186
792205
12408384
799431
2025897
10440499
5430849
312442
8494100
6858853
4450768
5154363
6219684
3064645
8774181
653656
4860662
287523
9311004
4367937
4068087
6895863
8134371
2651148
544238
15918619
1422760
1170309
6805248
5348701
1820998
6323061
645433
1128912
4019980
945069
2494312
7331497
7695531
6721213
3769730
6693643
11064198
18406132
4809734
82788
3516764
3683435
7863442
4285
8425854
3106397
1214457
1790999
11776767
2320724
7321794
2155662
7665062
647823
3118085
2648519
7356107
6934419
8730663
3231729
6764165
1226366
51082
4738216
7651497
4973341
4690993
1178752
6655325
3420343
539765
5569628
3681551
1143829
1385005
78263
5088049
3763648
2863877
3096616
11477829
2620715
9044938
1041061
240174
9342665
3449532
6911945
5660112
16898643
2833680
550250
2063215
1159359
5538909
369812
4506308
4647032
2642928
8956040
1650886
4879035
7988308
8354331
3620597
3736237
1740152
936996
13091351
554213
2217821
4613252
4600721
1962834
6136364
3011870
8767665
12450587
2220773
8771657
1129609
1700388
12308697
12030281
3403645
300321
3892116
1210002
12969052
7340684
3874615
1572726
9441937
2221345
1273293
2067821
1601932
5273813
3714620
261883
3575851
2659687
7816382
3681638
6851670
3296529
9601201
5388189
8676805
8235000
1200760
1548624
153866
4385184
3181818
2580862
1337843
3268597
8300220
4469246
8924676
3780576
2259200
3310008
12394638
10080913
4552926
8522672
6666218
3552751
1244804
1329896
665147
1660280
6141025
6252456
96424
10472963
393363
150280
4825294
5978482
380175
8844714
5617336
5976220
667743
3810191
279586
296359
11282027
3954909
2337520
6556711
669878
8028386
3842834
4717137
2257738
5673127
1937797
1449433
4546993
6173267
2415844
8919841
1725065
1157065
816784
2819218
12768206
2829686
6187367
122750
9664447
2097972
6358804
2800863
3540987
5537827
9763144
3686250
3797108
2513170
9862582
802419
1721272
5375947
3017475
2917718
789275
142246
6340106
259910
6013201
5377201
4781901
9542477
3508242
466349
3942334
7981692
2112719
893392
4712676
2327411
10590910
9353075
6806519
7903495
444297
807969
2797162
4874137
7789335
2089347
1882568
7187068
7629341
671779
7678869
1800395
778396
10894557
5827674
9049718
5400866
5975694
11837854
1381524
1829977
8208301
7753431
2920173
833084
268835
3405706
224622
3000114
8166450
1359531
1945100
4687741
113405
18775309
1867199
9685
15003417
7541313
5637629
2116872
3521780
1171504
2967976
1940409
1760696
12363362
3186083
142046
2542609
2062497
5212599
3850309
7775699
163505
508146
6166941
5815859
9609928
4753770
5539759
552924
5559207
1885347
5463621
505777
658035
3973898
889389
3464044
1788779
3795791
6432973
2660538
6187430
1396502
5533951
9827506
5551964
10694255
5068909
8485915
2281355
1011146
2764871
7836717
829979
1676203
758758
3007546
3216308
7266526
9456995
7446962
4740251
2266933
701101
1249382
2331496
12114621
3503366
617370
1802007
3064296
4914322
1966227
4871495
4181219
1553758
9328142
3933291
4873379
1117784
1006979
2602460
3490193
472356
7436669
911444
7988409
3009812
7086578
5221728
5140714
1466055
4255620
3046907
10806912
150919
10509799
8063787
3460258
8423372
1129692
2068378
3824019
1713503
3326141
1705117
7142004
6955736
1564097
2989711
876169
6091074
7468581
4523105
321358
6552013
4926762
616876
5297959
4784691
3673949
4370674
283745
6807310
2305572
2973077
2428798
638730
4792250
2984959
7917596
5147702
13886601
11226318
111854
2285390
5484573
834773
5622100
3989187
2744316
7338562
4881694
11509599
13671434
3618154
1501275
3340101
5843352
11244076
4670209
4022213
4344277
222704
12271353
10766402
5524150
1376379
178547
979022
583400
9297162
5245650
5518929
4075571
5788959
10646649
2089461
12519883
757373
4954794
3156059
9019416
6442835
12534677
4652888
1581351
7540130
1509899
1911047
2761422
2836301
11213677
119450
8212120
405135
869257
6838519
12617625
10033811
2380377
337571
1774260
2893064
601533
2106753
610343
713977
6346523
8164371
8290957
3751101
5053007
8997437
2413238
615992
779430
2585769
3686815
3212035
11870824
2126959
4897553
3798421
1084720
4719733
2884816
4726665
14238047
1018388
5477329
979157
1390746
1028161
1677184
1873835
262786
3385590
741606
9571540
7283708
4985337
7790235
849104
10394603
4547753
1905547
15275008
173135
1142194
4781825
6985547
975080
1292877
8946775
1050062
1304587
1826265
5522530
7053405
1422910
6923917
5461809
658638
1976647
3994524
4444948
1467007
6807020
3510903
4813742
5488259
13978406
7476811
2099499
2392557
3926810
7375601
5431178
1282319
5753326
128722
5988741
1299402
8906233
10426147
5078491
7119333
2275059
2067171
4715541
2051842
9254913
7122892
7212766
563581
10617703
7123051
1404002
7308128
3080523
3496100
6211280
3352403
827295
1518633
563662
6529905
2839297
10315465
7973928
10384204
811798
2758440
8133768
899062
3149330
8565406
9522505
6851509
4568484
3768321
10652391
4967520
671661
539669
6983164
6700951
3638486
428679
6569876
4152166
4262726
4078578
98618
6010334
1226434
960175
6784694
3409637
11497783
1810034
12507974
2329555
5714179
5893056
11739119
3236863
8699811
7791795
3564327
571877
3391725
6876667
12295637
5101675
1311835
2953272
4368416
2094640
4543790
11056510
2204593
6650693
1037893
3050092
236410
2306124
2644002
7743554
4878940
667583
5108612
5291540
2891328
3051267
4286285
6020177
2445270
2486892
16808481
5225851
4777831
383192
6175292
8059196
15738144
1095120
1030277
329170
1029282
5445490
2104886
10102499
1422566
171459
6320980
7359760
6485215
1973664
11056001
1947096
420069
679079
8264594
2434747
3451969
4071199
7001174
9387653
2083143
601133
3081546
4839324
163185
638336
3465230
6207396
7031677
6277688
852101
1876102
10508257
5027454
4269951
733110
6457098
3209951
10096855
2721081
5263489
7519245
2450259
4398782
5426224
3879637
302676
3575756
7529422
3658743
324995
5626050
3254050
3900125
2248103
5380615
12546087
9422751
2397903
943652
7355574
4807689
2805407
10107074
1847276
2255698
814994
2685313
539883
5463449
5842791
1198398
4224893
216194
8711772
2160101
2111294
4041487
5538375
3692788
8109473
7199449
5788184
639285
1909967
2265091
622935
7059577
5418981
3392438
5564742
9419915
851859
2572612
4346965
11276992
2051730
3954006
1437576
3066120
5570207
3826776
9106660
4145637
1788563
6662338
1110071
1915250
3778389
3865135
10877046
6764272
12041941
3112674
7546592
7411844
1616101
6886164
6914772
10510442
7621308
2514337
10795559
7286785
5304503
308942
7139038
7714309
7817545
4761503
5151400
8305268
11307696
9344658
395087
5735758
20004722
4359890
3070342
2451250
3703883
1145182
11271664
7576771
2035137
5298024
3360275
282868
4586734
3306375
13997262
3020825
8457229
10705451
378948
3061438
68723
159532
13595090
3131544
6507757
6452276
11029170
4933919
6729557
70765
3904699
4183137
764321
324598
2928697
10322995
5687126
10479696
10237712
8146645
912412
1234463
3368490
6386566
2492660
517632
8578979
